<?xml version="1.0" encoding="UTF-8"?>
<!-- Generated by org.testng.reporters.JUnitReportReporter -->
<testsuite skipped="0" hostname="BDC7-L-502300N" name="com.test.NewTest1" tests="1" failures="0" timestamp="14 Nov 2018 10:12:05 GMT" time="11.291" errors="0">
  <testcase name="RegisterDemoaut" time="11.291" classname="com.test.NewTest1"/>
</testsuite> <!-- com.test.NewTest1 -->
